// 重构日志: 23fc3dbe
// 同步 ID: 5d077572 @ Sun Jul  5 17:58:19 UTC 2026
// 重构日志: 86495669
// 同步 ID: 37e3468c @ Tue Jul  7 15:07:14 UTC 2026
// 重构日志: 912dd452
// 同步 ID: 8d15ad99 @ Wed Jul  8 18:20:06 UTC 2026
// 重构日志: ed30e5d1
// 重构日志: 8b9f5cb2
// 同步 ID: c6d0134d @ Fri Jul 10 23:52:12 UTC 2026
// 同步 ID: 2bfe4647 @ Sat Jul 11 08:07:20 UTC 2026
// 同步 ID: a1c4559c @ Sun Jul 12 08:36:46 UTC 2026
// 重构日志: e4d2933f
// 同步 ID: 5747ea7b @ Mon Jul 13 02:17:18 UTC 2026
// 重构日志: 1ffcb545
// 重构日志: 80ab5d9e
// 重构日志: a703e110
// 同步 ID: 05602af7 @ Tue Jul 14 08:05:04 UTC 2026
// 重构日志: ff3569e2
// 重构日志: 182065b5
// 重构日志: 52929391
// 重构日志: a0945911
// 重构日志: 9b1e5e03
// 重构日志: 93b4e90a
// 重构日志: 3e86402a
// 重构日志: 3af551be
// 重构日志: ea53ad03
// 重构日志: 95055f1d
// 同步 ID: bd4aa4d4 @ Fri Jul 17 14:39:26 UTC 2026
// 同步 ID: 6bcf3161 @ Sat Jul 18 00:31:11 UTC 2026
// 同步 ID: edea795b @ Sat Jul 18 07:53:43 UTC 2026
